Arguments: 
  D:\nodejs\node.exe C:\Users\tsing\.yarn\releases\yarn-1.22.11.cjs add allObjects.js

PATH: 
  D:\Anaconda;D:\Anaconda\Library\mingw-w64\bin;D:\Anaconda\Library\usr\bin;D:\Anaconda\Library\bin;D:\Anaconda\Scripts;D:\Anaconda\bin;D:\Anaconda\condabin;C:\Users\tsing\bin;C:\Program Files\Git\mingw64\bin;C:\Program Files\Git\usr\local\bin;C:\Program Files\Git\usr\bin;C:\Program Files\Git\usr\bin;C:\Program Files\Git\mingw64\bin;C:\Program Files\Git\usr\bin;C:\Users\tsing\bin;D:\cmder\vendor\conemu-maximus5\ConEmu\Scripts;D:\cmder\vendor\conemu-maximus5;D:\cmder\vendor\conemu-maximus5\ConEmu;C:\Program Files (x86)\Common Files\Intel\Shared Libraries\redist\intel64\compiler;D:\Python27;D:\Python27\Scripts;C:\Windows\system32;C:\Windows;C:\Windows\System32\Wbem;C:\Windows\System32\WindowsPowerShell\v1.0;C:\Windows\System32\OpenSSH;D:\7Zip;D:\jdk\jdk11\bin;D:\nvm;D:\nodejs;D:\eclipse;C:\Program Files\Git\cmd;C:\Program Files\Git\usr\bin;C:\Program Files\Git\mingw64\bin;C:\Program Files\Git\usr\bin;D:\Strawberry\c\bin;D:\Strawberry\perl\site\bin;D:\Strawberry\perl\bin;D:\mysql8\bin;C:\Program Files\dotnet;D:\VSCodium\bin;D:\Anaconda;D:\Anaconda\condabin;D:\Anaconda\Scripts;D:\Anaconda\Library\bin;C:\Program Files\Calibre2;C:\Program Files (x86)\Pulse Secure\VC142.CRT\X64;C:\Program Files (x86)\Pulse Secure\VC142.CRT\X86;C:\Program Files (x86)\dotnet;C:\Users\tsing\AppData\Local\Yarn\bin;D:\autosub;D:\autosub\autosub;D:\Bdwp;D:\Rust\.cargo;D:\Rust\.cargo\bin;D:\Rust\.rustup;D:\Notepad3;D:\PuTTY;D:\PowerShell\7;C:\Users\tsing\AppData\Local\Microsoft\WindowsApps;C:\Users\tsing\.dotnet\tools3;C:\Program Files\Git\usr\bin\vendor_perl;C:\Program Files\Git\usr\bin\core_perl

Yarn version: 
  1.22.11

Node version: 
  12.22.5

Platform: 
  win32 x64

Trace: 
  Error: http://registry.npm.taobao.org/allObjects.js: Not found
      at Request.params.callback [as _callback] (C:\Users\tsing\.yarn\releases\yarn-1.22.11.cjs:78522:18)
      at Request.self.callback (C:\Users\tsing\.yarn\releases\yarn-1.22.11.cjs:135174:22)
      at Request.emit (events.js:314:20)
      at Request.<anonymous> (C:\Users\tsing\.yarn\releases\yarn-1.22.11.cjs:136146:10)
      at Request.emit (events.js:314:20)
      at IncomingMessage.<anonymous> (C:\Users\tsing\.yarn\releases\yarn-1.22.11.cjs:136068:12)
      at Object.onceWrapper (events.js:420:28)
      at IncomingMessage.emit (events.js:326:22)
      at endReadableNT (_stream_readable.js:1241:12)
      at processTicksAndRejections (internal/process/task_queues.js:84:21)

npm manifest: 
  {
    "name": "waka-animation",
    "version": "1.0.0",
    "main": "index.js",
    "repository": "git@gitee.com:allen_byn/waka-animation.git",
    "author": "allen-byn <nobodyplay@yeah.net>",
    "license": "MIT",
    "dependencies": {
      "animejs": "^3.2.1",
      "jquery": "^3.6.0",
      "reset.css": "^2.0.2"
    }
  }

yarn manifest: 
  No manifest

Lockfile: 
  # THIS IS AN AUTOGENERATED FILE. DO NOT EDIT THIS FILE DIRECTLY.
  # yarn lockfile v1
  
  
  animejs@^3.2.1:
    version "3.2.1"
    resolved "https://registry.npm.taobao.org/animejs/download/animejs-3.2.1.tgz#de9fe2e792f44a777a7fdf6ae160e26604b0cdda"
    integrity sha1-3p/i55L0Snd6f99q4WDiZgSwzdo=
  
  jquery@^3.6.0:
    version "3.6.0"
    resolved "https://registry.npm.taobao.org/jquery/download/jquery-3.6.0.tgz?cache=0&sync_timestamp=1614705838607&other_urls=https%3A%2F%2Fregistry.npm.taobao.org%2Fjquery%2Fdownload%2Fjquery-3.6.0.tgz#c72a09f15c1bdce142f49dbf1170bdf8adac2470"
    integrity sha1-xyoJ8Vwb3OFC9J2/EXC9+K2sJHA=
  
  reset.css@^2.0.2:
    version "2.0.2"
    resolved "https://registry.nlark.com/reset.css/download/reset.css-2.0.2.tgz#9c01309c820b72e8f219ebcc8e1411949604f7d7"
    integrity sha1-nAEwnIILcujyGevMjhQRlJYE99c=
